<?xml version="1.0" encoding="UTF-8"?>
<testng-results ignored="0" total="2" passed="2" failed="0" skipped="0">
  <reporter-output>
  </reporter-output>
  <suite started-at="2022-02-17T00:16:48 IST" name="Suite" finished-at="2022-02-17T00:17:00 IST" duration-ms="12268">
    <groups>
    </groups>
    <test started-at="2022-02-17T00:16:48 IST" name="ChromeTest" finished-at="2022-02-17T00:17:00 IST" duration-ms="12268">
      <class name="tests.TestClass1">
        <test-method is-config="true" signature="launchBrowser(java.lang.String)[pri:0, instance:tests.TestClass1@481a996b]" started-at="2022-02-17T00:16:48 IST" name="launchBrowser" finished-at="2022-02-17T00:16:50 IST" duration-ms="1874" status="PASS">
          <params>
            <param index="0">
              <value>
                <![CDATA[Chrome]]>
              </value>
            </param>
          </params>
          <reporter-output>
          </reporter-output>
        </test-method> <!-- launchBrowser -->
        <test-method is-config="true" signature="createPOMObjects()[pri:0, instance:tests.TestClass1@481a996b]" started-at="2022-02-17T00:16:50 IST" name="createPOMObjects" finished-at="2022-02-17T00:16:50 IST" duration-ms="34" status="PASS">
          <reporter-output>
          </reporter-output>
        </test-method> <!-- createPOMObjects -->
        <test-method is-config="true" signature="loginToApplication()[pri:0, instance:tests.TestClass1@481a996b]" started-at="2022-02-17T00:16:50 IST" name="loginToApplication" finished-at="2022-02-17T00:16:52 IST" duration-ms="2267" status="PASS">
          <reporter-output>
          </reporter-output>
        </test-method> <!-- loginToApplication -->
        <test-method signature="toVarifyTaskButton()[pri:0, instance:tests.TestClass1@481a996b]" started-at="2022-02-17T00:16:52 IST" name="toVarifyTaskButton" finished-at="2022-02-17T00:16:56 IST" duration-ms="3699" status="PASS">
          <reporter-output>
          </reporter-output>
        </test-method> <!-- toVarifyTaskButton -->
        <test-method is-config="true" signature="logoutFromApplication(org.testng.ITestResult)[pri:0, instance:tests.TestClass1@481a996b]" started-at="2022-02-17T00:16:56 IST" name="logoutFromApplication" finished-at="2022-02-17T00:16:56 IST" duration-ms="191" status="PASS">
          <params>
            <param index="0">
              <value>
                <![CDATA[[TestResult name=toVarifyTaskButton status=SUCCESS method=TestClass1.toVarifyTaskButton()[pri:0, instance:tests.TestClass1@481a996b] output={null}]]]>
              </value>
            </param>
          </params>
          <reporter-output>
          </reporter-output>
        </test-method> <!-- logoutFromApplication -->
        <test-method is-config="true" signature="loginToApplication()[pri:0, instance:tests.TestClass1@481a996b]" started-at="2022-02-17T00:16:56 IST" name="loginToApplication" finished-at="2022-02-17T00:16:56 IST" duration-ms="349" status="PASS">
          <reporter-output>
          </reporter-output>
        </test-method> <!-- loginToApplication -->
        <test-method signature="varifyUserTab()[pri:0, instance:tests.TestClass1@481a996b]" started-at="2022-02-17T00:16:56 IST" name="varifyUserTab" finished-at="2022-02-17T00:17:00 IST" duration-ms="3383" status="PASS">
          <reporter-output>
          </reporter-output>
        </test-method> <!-- varifyUserTab -->
        <test-method is-config="true" signature="logoutFromApplication(org.testng.ITestResult)[pri:0, instance:tests.TestClass1@481a996b]" started-at="2022-02-17T00:17:00 IST" name="logoutFromApplication" finished-at="2022-02-17T00:17:00 IST" duration-ms="144" status="PASS">
          <params>
            <param index="0">
              <value>
                <![CDATA[[TestResult name=varifyUserTab status=SUCCESS method=TestClass1.varifyUserTab()[pri:0, instance:tests.TestClass1@481a996b] output={null}]]]>
              </value>
            </param>
          </params>
          <reporter-output>
          </reporter-output>
        </test-method> <!-- logoutFromApplication -->
        <test-method is-config="true" signature="clearPOMObject()[pri:0, instance:tests.TestClass1@481a996b]" started-at="2022-02-17T00:17:00 IST" name="clearPOMObject" finished-at="2022-02-17T00:17:00 IST" duration-ms="0" status="PASS">
          <reporter-output>
          </reporter-output>
        </test-method> <!-- clearPOMObject -->
        <test-method is-config="true" signature="closedBrowser()[pri:0, instance:tests.TestClass1@481a996b]" started-at="2022-02-17T00:17:00 IST" name="closedBrowser" finished-at="2022-02-17T00:17:00 IST" duration-ms="274" status="PASS">
          <reporter-output>
          </reporter-output>
        </test-method> <!-- closedBrowser -->
      </class> <!-- tests.TestClass1 -->
    </test> <!-- ChromeTest -->
  </suite> <!-- Suite -->
</testng-results>
