<?xml version="1.0" encoding="UTF-8"?>
<!-- Generated by org.testng.reporters.JUnitXMLReporter -->
<testsuite ignored="0" hostname="DESKTOP-FVVKFHI" failures="0" tests="4" name="OperaTest" time="21.518" errors="0" timestamp="2022-02-16T15:36:52 IST">
  <testcase classname="tests.TestClass1" name="toVarifyTaskButton" time="8.489"/>
  <testcase classname="tests.TestClass2$TestClass1" name="toVarifyTaskButton" time="8.111"/>
  <testcase classname="tests.TestClass1" name="varifyUserTab" time="4.099"/>
  <testcase classname="tests.TestClass2$TestClass1" name="varifyUserTab" time="3.99"/>
</testsuite> <!-- OperaTest -->
