<?xml version="1.0" encoding="UTF-8"?>
<!-- Generated by org.testng.reporters.JUnitXMLReporter -->
<testsuite ignored="0" hostname="DESKTOP-FVVKFHI" failures="0" tests="6" name="Test" time="0.101" errors="0" timestamp="2022-02-16T13:56:36 IST">
  <testcase classname="tests.TestClass4" name="testA" time="0.005"/>
  <testcase classname="tests.TestClass4" name="testB" time="0.003"/>
  <testcase classname="tests.TestClass4" name="testC" time="0.001"/>
  <testcase classname="tests.TestClass3" name="testX" time="0.001"/>
  <testcase classname="tests.TestClass3" name="testY" time="0.003"/>
  <testcase classname="tests.TestClass3" name="testZ" time="0.005"/>
</testsuite> <!-- Test -->
